2019-02-19 11:57:16,790 xiaoxiang_login.py[line:25] INFO 请求的url为:http://dev.xiaoxiangyoupin.com:1111/v2/user/gustLogin.json
2019-02-19 11:57:16,821 xiaoxiang_login.py[line:28] INFO 请求的data为:{'verCode': 888888, 'mobile': '18501787063'}
2019-02-19 11:57:17,341 xiaoxiang_login.py[line:30] INFO 正在请求中......
2019-02-19 11:57:17,341 xiaoxiang_login.py[line:35] INFO token：de23933c51041fa559d3475c7acc9f33
2019-02-19 11:57:17,343 read_yaml.py[line:68] INFO de23933c51041fa559d3475c7acc9f33正在存储中
2019-02-19 11:57:55,164 xiaoxiang_login.py[line:25] INFO 请求的url为:http://dev.xiaoxiangyoupin.com:1111/v2/user/gustLogin.json
2019-02-19 11:57:55,165 xiaoxiang_login.py[line:28] INFO 请求的data为:{'verCode': 888888, 'mobile': '18501787063'}
2019-02-19 11:57:55,611 xiaoxiang_login.py[line:30] INFO 正在请求中......
2019-02-19 11:57:55,612 xiaoxiang_login.py[line:35] INFO token：de23933c51041fa559d3475c7acc9f33
2019-02-19 13:30:32,381 xiaoxiang_login.py[line:25] INFO 请求的url为:http://dev.xiaoxiangyoupin.com:1111/v2/user/gustLogin.json
2019-02-19 13:30:32,382 xiaoxiang_login.py[line:28] INFO 请求的data为:{'verCode': 888888, 'mobile': '18501787063'}
2019-02-19 13:30:33,354 xiaoxiang_login.py[line:30] INFO 正在请求中......
2019-02-19 13:30:33,354 xiaoxiang_login.py[line:35] INFO token：de23933c51041fa559d3475c7acc9f33
2019-02-19 13:32:15,798 xiaoxiang_login.py[line:25] INFO 请求的url为:http://dev.xiaoxiangyoupin.com:1111/v2/user/gustLogin.json
2019-02-19 13:32:15,799 xiaoxiang_login.py[line:28] INFO 请求的data为:{'mobile': '18501787063', 'verCode': 888888}
2019-02-19 13:32:16,211 xiaoxiang_login.py[line:30] INFO 正在请求中......
2019-02-19 13:32:16,212 xiaoxiang_login.py[line:35] INFO token：de23933c51041fa559d3475c7acc9f33
2019-02-19 13:32:16,212 read_yaml.py[line:63] INFO 打开地址为F:\mrbao_python\Xiaoxiangyoupin\xiaoxiang_peizhi\xiaoxiang_token.yaml
2019-02-19 13:32:39,075 xiaoxiang_login.py[line:25] INFO 请求的url为:http://dev.xiaoxiangyoupin.com:1111/v2/user/gustLogin.json
2019-02-19 13:32:39,075 xiaoxiang_login.py[line:28] INFO 请求的data为:{'mobile': '18501787063', 'verCode': 888888}
2019-02-19 13:32:39,511 xiaoxiang_login.py[line:30] INFO 正在请求中......
2019-02-19 13:32:39,511 xiaoxiang_login.py[line:35] INFO token：de23933c51041fa559d3475c7acc9f33
2019-02-19 13:32:39,511 read_yaml.py[line:63] INFO 打开地址为F:\mrbao_python\Xiaoxiangyoupin\xiaoxiang_peizhi\xiaoxiang_token.yaml
2019-02-19 13:32:39,512 read_yaml.py[line:66] INFO None
2019-02-19 13:35:42,444 xiaoxiang_login.py[line:25] INFO 请求的url为:http://dev.xiaoxiangyoupin.com:1111/v2/user/gustLogin.json
2019-02-19 13:35:42,444 xiaoxiang_login.py[line:28] INFO 请求的data为:{'verCode': 888888, 'mobile': '18501787063'}
2019-02-19 13:35:42,913 xiaoxiang_login.py[line:30] INFO 正在请求中......
2019-02-19 13:35:42,913 xiaoxiang_login.py[line:35] INFO token：de23933c51041fa559d3475c7acc9f33
2019-02-19 13:35:42,914 read_yaml.py[line:64] INFO 打开地址为F:\mrbao_python\Xiaoxiangyoupin\xiaoxiang_peizhi\xiaoxiang_token.yaml
2019-02-19 13:35:42,915 read_yaml.py[line:67] INFO None
2019-02-19 13:35:42,917 read_yaml.py[line:70] INFO de23933c51041fa559d3475c7acc9f33正在存储中
2019-02-19 13:35:42,920 read_yaml.py[line:80] INFO 存储成功
2019-02-19 13:35:42,922 xiaoxiang_login.py[line:41] INFO token存储成功......
2019-02-19 13:35:42,922 xiaoxiang_login.py[line:48] INFO {'heads': {'code': 200, 'message': 'success'}, 'body': {'reciveFlag': False, 'token': 'de23933c51041fa559d3475c7acc9f33', 'suserId': 657365559, 'openImPass': 'BF98DB87194C875B104175E4DB570354', 'openImUserId': 'E8FA50C519CECBFA9B176908A75AA2F9', 'loginName': '18501787063'}}
2019-02-19 13:36:05,507 xiaoxiang_login.py[line:25] INFO 请求的url为:http://dev.xiaoxiangyoupin.com:1111/v2/user/gustLogin.json
2019-02-19 13:36:05,507 xiaoxiang_login.py[line:28] INFO 请求的data为:{'mobile': '18501787063', 'verCode': 888888}
2019-02-19 13:36:05,923 xiaoxiang_login.py[line:30] INFO 正在请求中......
2019-02-19 13:36:05,924 xiaoxiang_login.py[line:35] INFO token：de23933c51041fa559d3475c7acc9f33
2019-02-19 13:36:05,924 read_yaml.py[line:64] INFO 打开地址为F:\mrbao_python\Xiaoxiangyoupin\xiaoxiang_peizhi\xiaoxiang_token.yaml
2019-02-19 13:36:05,927 read_yaml.py[line:67] INFO {'token_test': 'de23933c51041fa559d3475c7acc9f33'}
2019-02-19 13:36:05,929 read_yaml.py[line:70] INFO de23933c51041fa559d3475c7acc9f33正在存储中
2019-02-19 13:36:05,930 read_yaml.py[line:80] INFO 存储成功
2019-02-19 13:36:05,934 xiaoxiang_login.py[line:41] INFO token存储成功......
2019-02-19 13:36:05,934 xiaoxiang_login.py[line:48] INFO {'heads': {'code': 200, 'message': 'success'}, 'body': {'openImUserId': 'E8FA50C519CECBFA9B176908A75AA2F9', 'reciveFlag': False, 'loginName': '18501787063', 'openImPass': 'BF98DB87194C875B104175E4DB570354', 'token': 'de23933c51041fa559d3475c7acc9f33', 'suserId': 657365559}}
2019-02-19 13:36:36,656 xiaoxiang_login.py[line:25] INFO 请求的url为:http://dev.xiaoxiangyoupin.com:1111/v2/user/gustLogin.json
2019-02-19 13:36:36,656 xiaoxiang_login.py[line:28] INFO 请求的data为:{'verCode': 888888, 'mobile': '18501787063'}
2019-02-19 13:36:37,062 xiaoxiang_login.py[line:30] INFO 正在请求中......
2019-02-19 13:36:37,062 xiaoxiang_login.py[line:35] INFO token：de23933c51041fa559d3475c7acc9f33
2019-02-19 13:36:37,063 read_yaml.py[line:64] INFO 打开地址为F:\mrbao_python\Xiaoxiangyoupin\xiaoxiang_peizhi\xiaoxiang_token.yaml
2019-02-19 13:36:37,065 read_yaml.py[line:67] INFO {'token_test': 'de23933c51041fa559d3475c7acc9f33'}
2019-02-19 13:36:37,066 read_yaml.py[line:70] INFO de23933c51041fa559d3475c7acc9f33正在存储中
2019-02-19 13:36:37,068 read_yaml.py[line:80] INFO token存储成功......
2019-02-19 13:36:37,069 xiaoxiang_login.py[line:48] INFO {'heads': {'message': 'success', 'code': 200}, 'body': {'openImPass': 'BF98DB87194C875B104175E4DB570354', 'reciveFlag': False, 'loginName': '18501787063', 'openImUserId': 'E8FA50C519CECBFA9B176908A75AA2F9', 'suserId': 657365559, 'token': 'de23933c51041fa559d3475c7acc9f33'}}
2019-02-19 13:43:15,027 xiaoxiang_login.py[line:26] INFO 请求的url为:http://dev.xiaoxiangyoupin.com:1111/v2/user/gustLogin.json
2019-02-19 13:43:15,027 xiaoxiang_login.py[line:29] INFO 请求的data为:{'verCode': 888888, 'mobile': '18501787063'}
2019-02-19 13:43:16,152 xiaoxiang_login.py[line:31] INFO 正在请求中......
2019-02-19 13:43:16,153 xiaoxiang_login.py[line:36] INFO token：de23933c51041fa559d3475c7acc9f33
2019-02-19 13:43:16,153 read_yaml.py[line:65] INFO 打开地址为F:\mrbao_python\Xiaoxiangyoupin\xiaoxiang_peizhi\xiaoxiang_token.yaml
2019-02-19 13:43:16,155 read_yaml.py[line:68] INFO {'token_test': 'de23933c51041fa559d3475c7acc9f33'}
2019-02-19 13:43:16,157 read_yaml.py[line:71] INFO de23933c51041fa559d3475c7acc9f33正在存储中
2019-02-19 13:43:16,159 read_yaml.py[line:81] INFO token存储成功......
2019-02-19 13:43:16,160 xiaoxiang_login.py[line:48] INFO {'heads': {'message': 'success', 'code': 200}, 'body': {'openImPass': 'BF98DB87194C875B104175E4DB570354', 'reciveFlag': False, 'suserId': 657365559, 'loginName': '18501787063', 'openImUserId': 'E8FA50C519CECBFA9B176908A75AA2F9', 'token': 'de23933c51041fa559d3475c7acc9f33'}}
2019-02-19 13:44:09,453 xiaoxiang_login.py[line:26] INFO 请求的url为:http://dev.xiaoxiangyoupin.com:1111/v2/user/gustLogin.json
2019-02-19 13:44:09,453 xiaoxiang_login.py[line:29] INFO 请求的data为:{'verCode': 888888, 'mobile': '18501787063'}
2019-02-19 13:44:11,498 xiaoxiang_login.py[line:31] INFO 正在请求中......
2019-02-19 13:44:11,498 xiaoxiang_login.py[line:36] INFO token：de23933c51041fa559d3475c7acc9f33
2019-02-19 13:44:11,499 read_yaml.py[line:65] INFO 打开地址为F:\mrbao_python\Xiaoxiangyoupin\xiaoxiang_peizhi\xiaoxiang_token.yaml
2019-02-19 13:44:11,501 read_yaml.py[line:68] INFO {'token_test': 'de23933c51041fa559d3475c7acc9f33'}
2019-02-19 13:44:11,503 read_yaml.py[line:71] INFO de23933c51041fa559d3475c7acc9f33正在存储中
2019-02-19 13:44:11,505 read_yaml.py[line:81] INFO token存储成功......
2019-02-19 13:44:11,507 xiaoxiang_login.py[line:48] INFO {'body': {'suserId': 657365559, 'openImUserId': 'E8FA50C519CECBFA9B176908A75AA2F9', 'token': 'de23933c51041fa559d3475c7acc9f33', 'reciveFlag': False, 'loginName': '18501787063', 'openImPass': 'BF98DB87194C875B104175E4DB570354'}, 'heads': {'message': 'success', 'code': 200}}
2019-02-19 13:44:30,316 xiaoxiang_login.py[line:26] INFO 请求的url为:http://dev.xiaoxiangyoupin.com:1111/v2/user/gustLogin.json
2019-02-19 13:44:30,316 xiaoxiang_login.py[line:29] INFO 请求的data为:{'verCode': 888888, 'mobile': '18501787064'}
2019-02-19 13:44:31,681 xiaoxiang_login.py[line:31] INFO 正在请求中......
2019-02-19 13:44:31,682 xiaoxiang_login.py[line:36] INFO token：a1768f68b6c0f5246c8b31d2d8ffcc50
2019-02-19 13:44:31,682 read_yaml.py[line:65] INFO 打开地址为F:\mrbao_python\Xiaoxiangyoupin\xiaoxiang_peizhi\xiaoxiang_token.yaml
2019-02-19 13:44:31,683 read_yaml.py[line:68] INFO {'18501787063token_test': 'de23933c51041fa559d3475c7acc9f33'}
2019-02-19 13:44:31,683 read_yaml.py[line:71] INFO a1768f68b6c0f5246c8b31d2d8ffcc50正在存储中
2019-02-19 13:44:31,684 read_yaml.py[line:81] INFO token存储成功......
2019-02-19 13:44:31,685 xiaoxiang_login.py[line:48] INFO {'body': {'openImUserId': '921F72D9889480DAE684ECB88992E605', 'token': 'a1768f68b6c0f5246c8b31d2d8ffcc50', 'openImPass': 'F367404135C14DF465B1D132A824DBF4', 'suserId': 657366397, 'reciveFlag': True, 'loginName': '18501787064'}, 'heads': {'code': 200, 'message': 'success'}}
2019-02-19 14:26:02,250 xiaoxiang_login.py[line:33] INFO 请求的url为:http://dev.xiaoxiangyoupin.com:1111/v2/user/gustLogin.json
2019-02-19 14:26:02,250 xiaoxiang_login.py[line:36] INFO 请求的data为:{'verCode': 888888, 'mobile': '18501787064'}
2019-02-19 14:27:50,923 xiaoxiang_login.py[line:33] INFO 请求的url为:http://dev.xiaoxiangyoupin.com:1111/v2/user/gustLogin.json
2019-02-19 14:27:50,923 xiaoxiang_login.py[line:36] INFO 请求的data为:{'verCode': 888888, 'mobile': '18501787064'}
2019-02-19 14:27:51,746 xiaoxiang_login.py[line:38] INFO 正在请求中......
2019-02-19 14:27:51,747 xiaoxiang_login.py[line:43] INFO token：a1768f68b6c0f5246c8b31d2d8ffcc50
2019-02-19 14:27:51,747 read_yaml.py[line:65] INFO 打开地址为F:\mrbao_python\Xiaoxiangyoupin\xiaoxiang_peizhi\xiaoxiang_token.yaml
2019-02-19 14:27:51,749 read_yaml.py[line:68] INFO {'18501787064token_test': 'a1768f68b6c0f5246c8b31d2d8ffcc50'}
2019-02-19 14:27:51,751 read_yaml.py[line:71] INFO a1768f68b6c0f5246c8b31d2d8ffcc50正在存储中
2019-02-19 14:27:51,753 read_yaml.py[line:81] INFO token存储成功......
2019-02-19 14:27:51,754 xiaoxiang_login.py[line:55] INFO {'heads': {'code': 200, 'message': 'success'}, 'body': {'loginName': '18501787064', 'openImPass': 'F367404135C14DF465B1D132A824DBF4', 'token': 'a1768f68b6c0f5246c8b31d2d8ffcc50', 'suserId': 657366397, 'reciveFlag': False, 'openImUserId': '921F72D9889480DAE684ECB88992E605'}}
2019-02-20 09:54:51,478 read_yaml.py[line:20] INFO 打开地址为F:/mrbao_python/Xiaoxiangyoupin/xiaoxiang_test_case/login.yaml
2019-02-20 09:55:45,340 read_yaml.py[line:20] INFO 打开地址为F:/mrbao_python/Xiaoxiangyoupin/xiaoxiang_api/xiaoxiang_api.yaml
2019-02-20 09:57:47,064 read_yaml.py[line:20] INFO 打开地址为F:/mrbao_python/Xiaoxiangyoupin/xiaoxiang_api/xiaoxiang_api.yaml
2019-02-20 10:21:45,664 read_yaml.py[line:45] INFO 打开地址为F:/mrbao_python/Xiaoxiangyoupin/xiaoxiang_api/xiaoxiang_api.yaml
2019-02-20 10:22:02,488 read_yaml.py[line:45] INFO 打开地址为F:/mrbao_python/Xiaoxiangyoupin/xiaoxiang_api/xiaoxiang_api.yaml
2019-02-20 10:23:14,371 read_yaml.py[line:45] INFO 打开地址为F:/mrbao_python/Xiaoxiangyoupin/xiaoxiang_api/xiaoxiang_api.yaml
2019-02-20 10:23:42,804 read_yaml.py[line:44] INFO 打开地址为F:/mrbao_python/Xiaoxiangyoupin/xiaoxiang_api/xiaoxiang_api.yaml
2019-02-20 10:24:17,715 read_yaml.py[line:44] INFO 打开地址为F:/mrbao_python/Xiaoxiangyoupin/xiaoxiang_api/xiaoxiang_api.yaml
2019-02-20 10:24:30,603 read_yaml.py[line:44] INFO 打开地址为F:/mrbao_python/Xiaoxiangyoupin/xiaoxiang_api/xiaoxiang_api.yaml
2019-02-20 10:39:40,751 read_yaml.py[line:21] INFO 打开地址为F:/mrbao_python/Xiaoxiangyoupin/xiaoxiang_api/xiaoxiang_api.yaml
2019-02-20 10:42:44,352 read_yaml.py[line:21] INFO 打开地址为F:/mrbao_python/Xiaoxiangyoupin/xiaoxiang_api/xiaoxiang_api.yaml
2019-02-20 10:43:33,240 read_yaml.py[line:21] INFO 打开地址为F:/mrbao_python/Xiaoxiangyoupin/xiaoxiang_api/xiaoxiang_api.yaml
2019-02-20 10:44:08,718 read_yaml.py[line:21] INFO 打开地址为F:/mrbao_python/Xiaoxiangyoupin/xiaoxiang_api/xiaoxiang_api.yaml
2019-02-20 10:46:50,843 read_yaml.py[line:21] INFO 打开地址为F:/mrbao_python/Xiaoxiangyoupin/xiaoxiang_api/xiaoxiang_api.yaml
2019-02-20 10:48:02,222 read_yaml.py[line:21] INFO 打开地址为F:/mrbao_python/Xiaoxiangyoupin/xiaoxiang_api/xiaoxiang_api.yaml
2019-02-20 10:57:19,703 read_yaml.py[line:58] INFO 打开地址为F:\mrbao_python\Xiaoxiangyoupin/xiaoxiang_api/xiaoxiang_api.yaml
2019-02-20 11:03:14,812 read_yaml.py[line:21] INFO 打开地址为F:/mrbao_python/Xiaoxiangyoupin/xiaoxiang_api/xiaoxiang_api_test.yaml
2019-02-20 11:04:47,898 read_yaml.py[line:21] INFO 打开地址为F:/mrbao_python/Xiaoxiangyoupin/xiaoxiang_api/xiaoxiang_api_test.yaml
2019-02-20 11:05:55,995 read_yaml.py[line:21] INFO 打开地址为F:/mrbao_python/Xiaoxiangyoupin/xiaoxiang_api/xiaoxiang_api_test.yaml
2019-02-20 11:29:20,178 read_yaml.py[line:22] INFO 打开地址为F:/mrbao_python/Xiaoxiangyoupin/xiaoxiang_api/xiaoxiang_api_test.yaml
2019-02-20 11:31:23,146 read_yaml.py[line:35] INFO 打开地址为F:/mrbao_python/Xiaoxiangyoupin/xiaoxiang_api/xiaoxiang_api_test.yaml
2019-02-20 11:33:46,938 read_yaml.py[line:40] INFO 打开地址为F:/mrbao_python/Xiaoxiangyoupin/xiaoxiang_api/xiaoxiang_api_test.yaml
2019-02-20 11:37:33,682 read_yaml.py[line:40] INFO 打开地址为F:/mrbao_python/Xiaoxiangyoupin/xiaoxiang_api/xiaoxiang_api_test.yaml
2019-02-20 11:38:10,227 read_yaml.py[line:40] INFO 打开地址为F:/mrbao_python/Xiaoxiangyoupin/xiaoxiang_api/xiaoxiang_api_test.yaml
2019-02-20 11:38:10,235 read_yaml.py[line:75] INFO dict_keys(['Nianhuojie', 'Login'])
2019-02-20 11:38:26,687 read_yaml.py[line:40] INFO 打开地址为F:/mrbao_python/Xiaoxiangyoupin/xiaoxiang_api/xiaoxiang_api_test.yaml
2019-02-20 11:39:02,962 read_yaml.py[line:40] INFO 打开地址为F:/mrbao_python/Xiaoxiangyoupin/xiaoxiang_api/xiaoxiang_api_test.yaml
2019-02-20 11:39:02,970 read_yaml.py[line:76] INFO ['Login', 'Nianhuojie']
2019-02-20 11:40:27,968 read_yaml.py[line:40] INFO 打开地址为F:/mrbao_python/Xiaoxiangyoupin/xiaoxiang_api/xiaoxiang_api_test.yaml
2019-02-20 11:41:21,309 read_yaml.py[line:40] INFO 打开地址为F:/mrbao_python/Xiaoxiangyoupin/xiaoxiang_api/xiaoxiang_api_test.yaml
2019-02-20 11:41:54,210 read_yaml.py[line:40] INFO 打开地址为F:/mrbao_python/Xiaoxiangyoupin/xiaoxiang_api/xiaoxiang_api_test.yaml
2019-02-20 11:43:45,578 read_yaml.py[line:40] INFO 打开地址为F:/mrbao_python/Xiaoxiangyoupin/xiaoxiang_api/xiaoxiang_api_test.yaml
2019-02-20 11:43:58,584 read_yaml.py[line:40] INFO 打开地址为F:/mrbao_python/Xiaoxiangyoupin/xiaoxiang_api/xiaoxiang_api_test.yaml
2019-02-20 11:54:16,145 read_yaml.py[line:40] INFO 打开地址为F:/mrbao_python/Xiaoxiangyoupin/xiaoxiang_api/xiaoxiang_api_test.yaml
2019-02-20 11:56:44,191 read_yaml.py[line:40] INFO 打开地址为F:/mrbao_python/Xiaoxiangyoupin/xiaoxiang_api/xiaoxiang_api_test.yaml
2019-02-20 11:57:32,639 read_yaml.py[line:40] INFO 打开地址为F:/mrbao_python/Xiaoxiangyoupin/xiaoxiang_api/xiaoxiang_api_test.yaml
2019-02-20 13:38:32,416 read_yaml.py[line:40] INFO 打开地址为F:/mrbao_python/Xiaoxiangyoupin/xiaoxiang_api/xiaoxiang_api_test.yaml
2019-02-20 13:42:22,280 read_yaml.py[line:43] INFO 打开地址为F:/mrbao_python/Xiaoxiangyoupin/xiaoxiang_api/xiaoxiang_api_test.yaml
2019-02-20 13:43:22,995 read_yaml.py[line:43] INFO 打开地址为F:/mrbao_python/Xiaoxiangyoupin/xiaoxiang_api/xiaoxiang_api_test.yaml
2019-02-20 13:46:00,469 read_yaml.py[line:44] INFO 打开地址为F:/mrbao_python/Xiaoxiangyoupin/xiaoxiang_api/xiaoxiang_api_test.yaml
2019-02-20 13:46:00,477 read_yaml.py[line:23] INFO 当前打开地址为F:/mrbao_python/Xiaoxiangyoupin/xiaoxiang_test_case/Nianhuojie.yaml
2019-02-20 13:48:01,280 read_yaml.py[line:44] INFO 打开地址为F:/mrbao_python/Xiaoxiangyoupin/xiaoxiang_api/xiaoxiang_api_test.yaml
2019-02-20 13:48:01,287 read_yaml.py[line:23] INFO 当前打开地址为F:/mrbao_python/Xiaoxiangyoupin/xiaoxiang_test_case/Yanzhika.yaml
2019-02-20 13:49:29,343 read_yaml.py[line:44] INFO 打开地址为F:/mrbao_python/Xiaoxiangyoupin/xiaoxiang_api/xiaoxiang_api_test.yaml
2019-02-20 13:52:17,994 read_yaml.py[line:44] INFO 打开地址为F:/mrbao_python/Xiaoxiangyoupin/xiaoxiang_api/xiaoxiang_api_test.yaml
2019-02-20 13:52:39,619 read_yaml.py[line:44] INFO 打开地址为F:/mrbao_python/Xiaoxiangyoupin/xiaoxiang_api/xiaoxiang_api_test.yaml
2019-02-20 13:59:19,475 read_yaml.py[line:44] INFO 打开地址为F:/mrbao_python/Xiaoxiangyoupin/xiaoxiang_api/xiaoxiang_api_test.yaml
2019-02-20 13:59:19,483 read_yaml.py[line:97] INFO Qinglvka文件地址是F:/mrbao_python/Xiaoxiangyoupin/xiaoxiang_test_case/Qinglvka.yaml
2019-02-20 13:59:19,510 read_yaml.py[line:97] INFO Yanzhika文件地址是F:/mrbao_python/Xiaoxiangyoupin/xiaoxiang_test_case/Yanzhika.yaml
2019-02-20 13:59:19,510 read_yaml.py[line:97] INFO Login文件地址是F:/mrbao_python/Xiaoxiangyoupin/xiaoxiang_test_case/Login.yaml
2019-02-20 13:59:19,510 read_yaml.py[line:97] INFO Nianhuojie文件地址是F:/mrbao_python/Xiaoxiangyoupin/xiaoxiang_test_case/Nianhuojie.yaml
2019-02-20 14:02:12,655 read_yaml.py[line:67] INFO 正在执行start_async
2019-02-20 14:02:12,665 read_yaml.py[line:43] INFO 正在执行get_yaml
2019-02-20 14:02:12,666 read_yaml.py[line:46] INFO 打开地址为F:/mrbao_python/Xiaoxiangyoupin/xiaoxiang_api/xiaoxiang_api_test.yaml
2019-02-20 14:02:12,674 read_yaml.py[line:82] INFO 正在执行check_case_address
2019-02-20 14:02:12,674 read_yaml.py[line:101] INFO Qinglvka文件地址是F:/mrbao_python/Xiaoxiangyoupin/xiaoxiang_test_case/Qinglvka.yaml
2019-02-20 14:02:12,674 read_yaml.py[line:105] INFO Qinglvka文件不在wenjian_list中
2019-02-20 14:02:12,674 read_yaml.py[line:101] INFO Yanzhika文件地址是F:/mrbao_python/Xiaoxiangyoupin/xiaoxiang_test_case/Yanzhika.yaml
2019-02-20 14:02:12,675 read_yaml.py[line:105] INFO Yanzhika文件不在wenjian_list中
2019-02-20 14:02:12,675 read_yaml.py[line:101] INFO Login文件地址是F:/mrbao_python/Xiaoxiangyoupin/xiaoxiang_test_case/Login.yaml
2019-02-20 14:02:12,675 read_yaml.py[line:101] INFO Nianhuojie文件地址是F:/mrbao_python/Xiaoxiangyoupin/xiaoxiang_test_case/Nianhuojie.yaml
2019-02-20 14:02:38,153 read_yaml.py[line:67] INFO 正在执行start_async
2019-02-20 14:02:38,154 read_yaml.py[line:43] INFO 正在执行get_yaml
2019-02-20 14:02:38,154 read_yaml.py[line:46] INFO 打开地址为F:/mrbao_python/Xiaoxiangyoupin/xiaoxiang_api/xiaoxiang_api_test.yaml
2019-02-20 14:02:38,162 read_yaml.py[line:82] INFO 正在执行check_case_address
2019-02-20 14:02:38,162 read_yaml.py[line:101] INFO Nianhuojie文件地址是F:/mrbao_python/Xiaoxiangyoupin/xiaoxiang_test_case/Nianhuojie.yaml
2019-02-20 14:02:38,163 read_yaml.py[line:101] INFO Yanzhika文件地址是F:/mrbao_python/Xiaoxiangyoupin/xiaoxiang_test_case/Yanzhika.yaml
2019-02-20 14:02:38,163 read_yaml.py[line:105] INFO Yanzhika文件不在wenjian_list中
2019-02-20 14:02:38,163 read_yaml.py[line:101] INFO Login文件地址是F:/mrbao_python/Xiaoxiangyoupin/xiaoxiang_test_case/Login.yaml
2019-02-20 14:02:38,163 read_yaml.py[line:101] INFO Qinglvka文件地址是F:/mrbao_python/Xiaoxiangyoupin/xiaoxiang_test_case/Qinglvka.yaml
2019-02-20 14:02:38,163 read_yaml.py[line:105] INFO Qinglvka文件不在wenjian_list中
2019-02-20 14:02:38,163 read_yaml.py[line:67] INFO 正在执行start_async
2019-02-20 14:02:38,163 read_yaml.py[line:21] INFO 正在执行get_path_yaml
2019-02-20 14:02:38,163 read_yaml.py[line:24] INFO 当前打开地址为F:/mrbao_python/Xiaoxiangyoupin/xiaoxiang_test_case/Nianhuojie.yaml
2019-02-20 14:04:22,212 read_yaml.py[line:67] INFO 正在执行start_async
2019-02-20 14:04:22,213 read_yaml.py[line:43] INFO 正在执行get_yaml
2019-02-20 14:04:22,214 read_yaml.py[line:46] INFO 打开地址为F:/mrbao_python/Xiaoxiangyoupin/xiaoxiang_api/xiaoxiang_api_test.yaml
2019-02-20 14:04:22,221 read_yaml.py[line:82] INFO 正在执行check_case_address
2019-02-20 14:04:22,222 read_yaml.py[line:101] INFO Nianhuojie文件地址是F:/mrbao_python/Xiaoxiangyoupin/xiaoxiang_test_case/Nianhuojie.yaml
2019-02-20 14:04:22,222 read_yaml.py[line:101] INFO Yanzhika文件地址是F:/mrbao_python/Xiaoxiangyoupin/xiaoxiang_test_case/Yanzhika.yaml
2019-02-20 14:04:22,223 read_yaml.py[line:105] INFO Yanzhika文件不在wenjian_list中
2019-02-20 14:04:22,223 read_yaml.py[line:101] INFO Login文件地址是F:/mrbao_python/Xiaoxiangyoupin/xiaoxiang_test_case/Login.yaml
2019-02-20 14:04:22,223 read_yaml.py[line:101] INFO Qinglvka文件地址是F:/mrbao_python/Xiaoxiangyoupin/xiaoxiang_test_case/Qinglvka.yaml
2019-02-20 14:04:22,223 read_yaml.py[line:105] INFO Qinglvka文件不在wenjian_list中
2019-02-20 14:04:22,223 read_yaml.py[line:67] INFO 正在执行start_async
2019-02-20 14:04:22,223 read_yaml.py[line:21] INFO 正在执行get_path_yaml
2019-02-20 14:04:22,223 read_yaml.py[line:24] INFO 当前打开地址为F:/mrbao_python/Xiaoxiangyoupin/xiaoxiang_test_case/Nianhuojie.yaml
2019-02-20 14:05:02,845 read_yaml.py[line:67] INFO 正在执行start_async
2019-02-20 14:05:02,847 read_yaml.py[line:43] INFO 正在执行get_yaml
2019-02-20 14:05:02,847 read_yaml.py[line:46] INFO 打开地址为F:/mrbao_python/Xiaoxiangyoupin/xiaoxiang_api/xiaoxiang_api_test.yaml
2019-02-20 14:05:02,855 read_yaml.py[line:82] INFO 正在执行check_case_address
2019-02-20 14:05:02,855 read_yaml.py[line:101] INFO Nianhuojie文件地址是F:/mrbao_python/Xiaoxiangyoupin/xiaoxiang_test_case/Nianhuojie.yaml
2019-02-20 14:05:02,856 read_yaml.py[line:101] INFO Yanzhika文件地址是F:/mrbao_python/Xiaoxiangyoupin/xiaoxiang_test_case/Yanzhika.yaml
2019-02-20 14:05:02,856 read_yaml.py[line:105] INFO Yanzhika文件不在wenjian_list中
2019-02-20 14:05:02,856 read_yaml.py[line:101] INFO Login文件地址是F:/mrbao_python/Xiaoxiangyoupin/xiaoxiang_test_case/Login.yaml
2019-02-20 14:05:02,856 read_yaml.py[line:101] INFO Qinglvka文件地址是F:/mrbao_python/Xiaoxiangyoupin/xiaoxiang_test_case/Qinglvka.yaml
2019-02-20 14:05:02,856 read_yaml.py[line:105] INFO Qinglvka文件不在wenjian_list中
2019-02-20 14:05:02,856 read_yaml.py[line:67] INFO 正在执行start_async
2019-02-20 14:05:02,856 read_yaml.py[line:21] INFO 正在执行get_path_yaml
2019-02-20 14:05:02,856 read_yaml.py[line:24] INFO 当前打开地址为F:/mrbao_python/Xiaoxiangyoupin/xiaoxiang_test_case/Nianhuojie.yaml
2019-02-20 14:06:59,507 read_yaml.py[line:68] INFO 正在执行start_async
2019-02-20 14:06:59,509 read_yaml.py[line:44] INFO 正在执行get_yaml
2019-02-20 14:06:59,509 read_yaml.py[line:47] INFO 打开地址为F:/mrbao_python/Xiaoxiangyoupin/xiaoxiang_api/xiaoxiang_api_test.yaml
2019-02-20 14:06:59,516 read_yaml.py[line:83] INFO 正在执行check_case_address
2019-02-20 14:06:59,517 read_yaml.py[line:102] INFO Yanzhika文件地址是F:/mrbao_python/Xiaoxiangyoupin/xiaoxiang_test_case/Yanzhika.yaml
2019-02-20 14:06:59,517 read_yaml.py[line:106] INFO Yanzhika文件不在wenjian_list中
2019-02-20 14:06:59,517 read_yaml.py[line:102] INFO Nianhuojie文件地址是F:/mrbao_python/Xiaoxiangyoupin/xiaoxiang_test_case/Nianhuojie.yaml
2019-02-20 14:06:59,517 read_yaml.py[line:102] INFO Login文件地址是F:/mrbao_python/Xiaoxiangyoupin/xiaoxiang_test_case/Login.yaml
2019-02-20 14:06:59,517 read_yaml.py[line:102] INFO Qinglvka文件地址是F:/mrbao_python/Xiaoxiangyoupin/xiaoxiang_test_case/Qinglvka.yaml
2019-02-20 14:06:59,518 read_yaml.py[line:106] INFO Qinglvka文件不在wenjian_list中
2019-02-20 14:06:59,518 read_yaml.py[line:68] INFO 正在执行start_async
2019-02-20 14:06:59,518 read_yaml.py[line:21] INFO 正在执行get_path_yaml
2019-02-20 14:06:59,518 read_yaml.py[line:24] INFO 当前打开地址为F:/mrbao_python/Xiaoxiangyoupin/xiaoxiang_test_case/Nianhuojie.yaml
2019-02-20 14:06:59,520 read_yaml.py[line:24] INFO 当前打开地址为F:/mrbao_python/Xiaoxiangyoupin/xiaoxiang_test_case/Login.yaml
2019-02-20 14:07:22,914 read_yaml.py[line:67] INFO 正在执行start_async
2019-02-20 14:07:22,916 read_yaml.py[line:43] INFO 正在执行get_yaml
2019-02-20 14:07:22,916 read_yaml.py[line:46] INFO 打开地址为F:/mrbao_python/Xiaoxiangyoupin/xiaoxiang_api/xiaoxiang_api_test.yaml
2019-02-20 14:07:22,923 read_yaml.py[line:82] INFO 正在执行check_case_address
2019-02-20 14:07:22,923 read_yaml.py[line:101] INFO Yanzhika文件地址是F:/mrbao_python/Xiaoxiangyoupin/xiaoxiang_test_case/Yanzhika.yaml
2019-02-20 14:07:22,924 read_yaml.py[line:105] INFO Yanzhika文件不在wenjian_list中
2019-02-20 14:07:22,924 read_yaml.py[line:101] INFO Login文件地址是F:/mrbao_python/Xiaoxiangyoupin/xiaoxiang_test_case/Login.yaml
2019-02-20 14:07:22,924 read_yaml.py[line:101] INFO Qinglvka文件地址是F:/mrbao_python/Xiaoxiangyoupin/xiaoxiang_test_case/Qinglvka.yaml
2019-02-20 14:07:22,924 read_yaml.py[line:105] INFO Qinglvka文件不在wenjian_list中
2019-02-20 14:07:22,924 read_yaml.py[line:101] INFO Nianhuojie文件地址是F:/mrbao_python/Xiaoxiangyoupin/xiaoxiang_test_case/Nianhuojie.yaml
2019-02-20 14:07:22,924 read_yaml.py[line:67] INFO 正在执行start_async
2019-02-20 14:07:22,924 read_yaml.py[line:21] INFO 正在执行get_path_yaml
2019-02-20 14:07:22,924 read_yaml.py[line:24] INFO 当前打开地址为F:/mrbao_python/Xiaoxiangyoupin/xiaoxiang_test_case/Login.yaml
2019-02-20 14:07:22,931 read_yaml.py[line:24] INFO 当前打开地址为F:/mrbao_python/Xiaoxiangyoupin/xiaoxiang_test_case/Nianhuojie.yaml
2019-02-20 14:07:39,114 read_yaml.py[line:58] INFO 正在执行start_async
2019-02-20 14:07:39,116 read_yaml.py[line:34] INFO 正在执行get_yaml
2019-02-20 14:07:39,116 read_yaml.py[line:37] INFO 打开地址为F:/mrbao_python/Xiaoxiangyoupin/xiaoxiang_api/xiaoxiang_api_test.yaml
2019-02-20 14:07:39,124 read_yaml.py[line:73] INFO 正在执行check_case_address
2019-02-20 14:07:39,124 read_yaml.py[line:92] INFO Login文件地址是F:/mrbao_python/Xiaoxiangyoupin/xiaoxiang_test_case/Login.yaml
2019-02-20 14:07:39,125 read_yaml.py[line:92] INFO Nianhuojie文件地址是F:/mrbao_python/Xiaoxiangyoupin/xiaoxiang_test_case/Nianhuojie.yaml
2019-02-20 14:07:39,125 read_yaml.py[line:92] INFO Yanzhika文件地址是F:/mrbao_python/Xiaoxiangyoupin/xiaoxiang_test_case/Yanzhika.yaml
2019-02-20 14:07:39,125 read_yaml.py[line:96] INFO Yanzhika文件不在wenjian_list中
2019-02-20 14:07:39,125 read_yaml.py[line:92] INFO Qinglvka文件地址是F:/mrbao_python/Xiaoxiangyoupin/xiaoxiang_test_case/Qinglvka.yaml
2019-02-20 14:07:39,125 read_yaml.py[line:96] INFO Qinglvka文件不在wenjian_list中
2019-02-20 14:07:39,125 read_yaml.py[line:58] INFO 正在执行start_async
2019-02-20 14:07:39,125 read_yaml.py[line:21] INFO 正在执行get_path_yaml
2019-02-20 14:07:39,126 read_yaml.py[line:24] INFO 当前打开地址为F:/mrbao_python/Xiaoxiangyoupin/xiaoxiang_test_case/Login.yaml
2019-02-20 14:07:39,126 read_yaml.py[line:24] INFO 当前打开地址为F:/mrbao_python/Xiaoxiangyoupin/xiaoxiang_test_case/Nianhuojie.yaml
2019-02-20 14:07:51,576 read_yaml.py[line:67] INFO 正在执行start_async
2019-02-20 14:07:51,577 read_yaml.py[line:43] INFO 正在执行get_yaml
2019-02-20 14:07:51,578 read_yaml.py[line:46] INFO 打开地址为F:/mrbao_python/Xiaoxiangyoupin/xiaoxiang_api/xiaoxiang_api_test.yaml
2019-02-20 14:07:51,586 read_yaml.py[line:82] INFO 正在执行check_case_address
2019-02-20 14:07:51,586 read_yaml.py[line:101] INFO Login文件地址是F:/mrbao_python/Xiaoxiangyoupin/xiaoxiang_test_case/Login.yaml
2019-02-20 14:07:51,586 read_yaml.py[line:101] INFO Nianhuojie文件地址是F:/mrbao_python/Xiaoxiangyoupin/xiaoxiang_test_case/Nianhuojie.yaml
2019-02-20 14:07:51,586 read_yaml.py[line:101] INFO Yanzhika文件地址是F:/mrbao_python/Xiaoxiangyoupin/xiaoxiang_test_case/Yanzhika.yaml
2019-02-20 14:07:51,586 read_yaml.py[line:105] INFO Yanzhika文件不在wenjian_list中
2019-02-20 14:07:51,587 read_yaml.py[line:101] INFO Qinglvka文件地址是F:/mrbao_python/Xiaoxiangyoupin/xiaoxiang_test_case/Qinglvka.yaml
2019-02-20 14:07:51,587 read_yaml.py[line:105] INFO Qinglvka文件不在wenjian_list中
2019-02-20 14:07:51,587 read_yaml.py[line:67] INFO 正在执行start_async
2019-02-20 14:07:51,587 read_yaml.py[line:21] INFO 正在执行get_path_yaml
2019-02-20 14:07:51,587 read_yaml.py[line:24] INFO 当前打开地址为F:/mrbao_python/Xiaoxiangyoupin/xiaoxiang_test_case/Login.yaml
2019-02-20 14:07:51,594 read_yaml.py[line:24] INFO 当前打开地址为F:/mrbao_python/Xiaoxiangyoupin/xiaoxiang_test_case/Nianhuojie.yaml
2019-02-20 14:08:53,972 read_yaml.py[line:67] INFO 正在执行start_async
2019-02-20 14:08:53,973 read_yaml.py[line:43] INFO 正在执行get_yaml
2019-02-20 14:08:53,973 read_yaml.py[line:46] INFO 打开地址为F:/mrbao_python/Xiaoxiangyoupin/xiaoxiang_api/xiaoxiang_api_test.yaml
2019-02-20 14:08:53,981 read_yaml.py[line:82] INFO 正在执行check_case_address
2019-02-20 14:08:53,982 read_yaml.py[line:101] INFO Yanzhika文件地址是F:/mrbao_python/Xiaoxiangyoupin/xiaoxiang_test_case/Yanzhika.yaml
2019-02-20 14:08:53,982 read_yaml.py[line:105] INFO Yanzhika文件不在wenjian_list中
2019-02-20 14:08:53,982 read_yaml.py[line:101] INFO Login文件地址是F:/mrbao_python/Xiaoxiangyoupin/xiaoxiang_test_case/Login.yaml
2019-02-20 14:08:53,982 read_yaml.py[line:101] INFO Qinglvka文件地址是F:/mrbao_python/Xiaoxiangyoupin/xiaoxiang_test_case/Qinglvka.yaml
2019-02-20 14:08:53,982 read_yaml.py[line:105] INFO Qinglvka文件不在wenjian_list中
2019-02-20 14:08:53,982 read_yaml.py[line:101] INFO Nianhuojie文件地址是F:/mrbao_python/Xiaoxiangyoupin/xiaoxiang_test_case/Nianhuojie.yaml
2019-02-20 14:08:53,982 read_yaml.py[line:67] INFO 正在执行start_async
2019-02-20 14:08:53,982 read_yaml.py[line:21] INFO 正在执行get_path_yaml
2019-02-20 14:08:53,983 read_yaml.py[line:24] INFO 当前打开地址为F:/mrbao_python/Xiaoxiangyoupin/xiaoxiang_test_case/Login.yaml
2019-02-20 14:08:53,989 read_yaml.py[line:24] INFO 当前打开地址为F:/mrbao_python/Xiaoxiangyoupin/xiaoxiang_test_case/Nianhuojie.yaml
2019-02-20 14:09:01,478 read_yaml.py[line:67] INFO 正在执行start_async
2019-02-20 14:09:01,480 read_yaml.py[line:43] INFO 正在执行get_yaml
2019-02-20 14:09:01,480 read_yaml.py[line:46] INFO 打开地址为F:/mrbao_python/Xiaoxiangyoupin/xiaoxiang_api/xiaoxiang_api_test.yaml
2019-02-20 14:09:01,487 read_yaml.py[line:82] INFO 正在执行check_case_address
2019-02-20 14:09:01,487 read_yaml.py[line:101] INFO Login文件地址是F:/mrbao_python/Xiaoxiangyoupin/xiaoxiang_test_case/Login.yaml
2019-02-20 14:09:01,487 read_yaml.py[line:101] INFO Yanzhika文件地址是F:/mrbao_python/Xiaoxiangyoupin/xiaoxiang_test_case/Yanzhika.yaml
2019-02-20 14:09:01,488 read_yaml.py[line:105] INFO Yanzhika文件不在wenjian_list中
2019-02-20 14:09:01,488 read_yaml.py[line:101] INFO Nianhuojie文件地址是F:/mrbao_python/Xiaoxiangyoupin/xiaoxiang_test_case/Nianhuojie.yaml
2019-02-20 14:09:01,488 read_yaml.py[line:101] INFO Qinglvka文件地址是F:/mrbao_python/Xiaoxiangyoupin/xiaoxiang_test_case/Qinglvka.yaml
2019-02-20 14:09:01,488 read_yaml.py[line:105] INFO Qinglvka文件不在wenjian_list中
2019-02-20 14:09:01,488 read_yaml.py[line:67] INFO 正在执行start_async
2019-02-20 14:09:01,488 read_yaml.py[line:21] INFO 正在执行get_path_yaml
2019-02-20 14:09:01,488 read_yaml.py[line:24] INFO 当前打开地址为F:/mrbao_python/Xiaoxiangyoupin/xiaoxiang_test_case/Login.yaml
2019-02-20 14:09:01,495 read_yaml.py[line:24] INFO 当前打开地址为F:/mrbao_python/Xiaoxiangyoupin/xiaoxiang_test_case/Nianhuojie.yaml
2019-02-20 14:17:38,298 read_yaml.py[line:67] INFO 正在执行start_async
2019-02-20 14:17:38,300 read_yaml.py[line:43] INFO 正在执行get_yaml
2019-02-20 14:17:38,300 read_yaml.py[line:46] INFO 打开地址为F:/mrbao_python/Xiaoxiangyoupin/xiaoxiang_api/xiaoxiang_api_test.yaml
2019-02-20 14:17:38,307 read_yaml.py[line:82] INFO 正在执行check_case_address
2019-02-20 14:17:38,307 read_yaml.py[line:101] INFO Yanzhika文件地址是F:/mrbao_python/Xiaoxiangyoupin/xiaoxiang_test_case/Yanzhika.yaml
2019-02-20 14:17:38,308 read_yaml.py[line:105] INFO Yanzhika文件不在wenjian_list中
2019-02-20 14:17:38,308 read_yaml.py[line:101] INFO Login文件地址是F:/mrbao_python/Xiaoxiangyoupin/xiaoxiang_test_case/Login.yaml
2019-02-20 14:17:38,308 read_yaml.py[line:101] INFO Nianhuojie文件地址是F:/mrbao_python/Xiaoxiangyoupin/xiaoxiang_test_case/Nianhuojie.yaml
2019-02-20 14:17:38,308 read_yaml.py[line:101] INFO Qinglvka文件地址是F:/mrbao_python/Xiaoxiangyoupin/xiaoxiang_test_case/Qinglvka.yaml
2019-02-20 14:17:38,308 read_yaml.py[line:105] INFO Qinglvka文件不在wenjian_list中
2019-02-20 14:17:38,308 read_yaml.py[line:67] INFO 正在执行start_async
2019-02-20 14:17:38,308 read_yaml.py[line:21] INFO 正在执行get_path_yaml
2019-02-20 14:17:38,308 read_yaml.py[line:24] INFO 当前打开地址为F:/mrbao_python/Xiaoxiangyoupin/xiaoxiang_test_case/Login.yaml
2019-02-20 14:17:38,315 read_yaml.py[line:24] INFO 当前打开地址为F:/mrbao_python/Xiaoxiangyoupin/xiaoxiang_test_case/Nianhuojie.yaml
2019-02-20 14:20:06,198 read_yaml.py[line:67] INFO 正在执行start_async
2019-02-20 14:20:06,199 read_yaml.py[line:43] INFO 正在执行get_yaml
2019-02-20 14:20:06,200 read_yaml.py[line:46] INFO 打开地址为F:/mrbao_python/Xiaoxiangyoupin/xiaoxiang_api/xiaoxiang_api_test.yaml
2019-02-20 14:20:06,207 read_yaml.py[line:82] INFO 正在执行check_case_address
2019-02-20 14:20:06,208 read_yaml.py[line:101] INFO Login文件地址是F:/mrbao_python/Xiaoxiangyoupin/xiaoxiang_test_case/Login.yaml
2019-02-20 14:20:06,208 read_yaml.py[line:101] INFO Yanzhika文件地址是F:/mrbao_python/Xiaoxiangyoupin/xiaoxiang_test_case/Yanzhika.yaml
2019-02-20 14:20:06,209 read_yaml.py[line:105] INFO Yanzhika文件不在wenjian_list中
2019-02-20 14:20:06,209 read_yaml.py[line:101] INFO Qinglvka文件地址是F:/mrbao_python/Xiaoxiangyoupin/xiaoxiang_test_case/Qinglvka.yaml
2019-02-20 14:20:06,209 read_yaml.py[line:105] INFO Qinglvka文件不在wenjian_list中
2019-02-20 14:20:06,209 read_yaml.py[line:101] INFO Nianhuojie文件地址是F:/mrbao_python/Xiaoxiangyoupin/xiaoxiang_test_case/Nianhuojie.yaml
2019-02-20 14:20:06,209 read_yaml.py[line:67] INFO 正在执行start_async
2019-02-20 14:20:06,209 read_yaml.py[line:21] INFO 正在执行get_path_yaml
2019-02-20 14:20:06,209 read_yaml.py[line:24] INFO 当前打开地址为F:/mrbao_python/Xiaoxiangyoupin/xiaoxiang_test_case/Login.yaml
2019-02-20 14:20:06,219 read_yaml.py[line:24] INFO 当前打开地址为F:/mrbao_python/Xiaoxiangyoupin/xiaoxiang_test_case/Nianhuojie.yaml
2019-02-20 14:22:28,661 read_yaml.py[line:72] INFO 正在执行start_async
2019-02-20 14:22:28,663 read_yaml.py[line:48] INFO 正在执行get_yaml
2019-02-20 14:22:28,663 read_yaml.py[line:51] INFO 打开地址为F:/mrbao_python/Xiaoxiangyoupin/xiaoxiang_api/xiaoxiang_api_test.yaml
2019-02-20 14:22:28,671 read_yaml.py[line:87] INFO 正在执行check_case_address
2019-02-20 14:22:28,672 read_yaml.py[line:106] INFO Login文件地址是F:/mrbao_python/Xiaoxiangyoupin/xiaoxiang_test_case/Login.yaml
2019-02-20 14:22:28,672 read_yaml.py[line:106] INFO Nianhuojie文件地址是F:/mrbao_python/Xiaoxiangyoupin/xiaoxiang_test_case/Nianhuojie.yaml
2019-02-20 14:22:28,672 read_yaml.py[line:106] INFO Yanzhika文件地址是F:/mrbao_python/Xiaoxiangyoupin/xiaoxiang_test_case/Yanzhika.yaml
2019-02-20 14:22:28,672 read_yaml.py[line:110] INFO Yanzhika文件不在wenjian_list中
2019-02-20 14:22:28,672 read_yaml.py[line:106] INFO Qinglvka文件地址是F:/mrbao_python/Xiaoxiangyoupin/xiaoxiang_test_case/Qinglvka.yaml
2019-02-20 14:22:28,672 read_yaml.py[line:110] INFO Qinglvka文件不在wenjian_list中
2019-02-20 14:22:28,672 read_yaml.py[line:72] INFO 正在执行start_async
2019-02-20 14:22:28,672 read_yaml.py[line:22] INFO 正在执行get_path_yaml
2019-02-20 14:22:28,672 read_yaml.py[line:25] INFO 当前打开地址为F:/mrbao_python/Xiaoxiangyoupin/xiaoxiang_test_case/Login.yaml
2019-02-20 14:22:28,680 read_yaml.py[line:25] INFO 当前打开地址为F:/mrbao_python/Xiaoxiangyoupin/xiaoxiang_test_case/Nianhuojie.yaml
2019-02-20 14:22:36,972 read_yaml.py[line:72] INFO 正在执行start_async
2019-02-20 14:22:36,973 read_yaml.py[line:48] INFO 正在执行get_yaml
2019-02-20 14:22:36,973 read_yaml.py[line:51] INFO 打开地址为F:/mrbao_python/Xiaoxiangyoupin/xiaoxiang_api/xiaoxiang_api_test.yaml
2019-02-20 14:22:36,981 read_yaml.py[line:87] INFO 正在执行check_case_address
2019-02-20 14:22:36,981 read_yaml.py[line:106] INFO Login文件地址是F:/mrbao_python/Xiaoxiangyoupin/xiaoxiang_test_case/Login.yaml
2019-02-20 14:22:36,981 read_yaml.py[line:106] INFO Nianhuojie文件地址是F:/mrbao_python/Xiaoxiangyoupin/xiaoxiang_test_case/Nianhuojie.yaml
2019-02-20 14:22:36,981 read_yaml.py[line:106] INFO Yanzhika文件地址是F:/mrbao_python/Xiaoxiangyoupin/xiaoxiang_test_case/Yanzhika.yaml
2019-02-20 14:22:36,982 read_yaml.py[line:110] INFO Yanzhika文件不在wenjian_list中
2019-02-20 14:22:36,982 read_yaml.py[line:106] INFO Qinglvka文件地址是F:/mrbao_python/Xiaoxiangyoupin/xiaoxiang_test_case/Qinglvka.yaml
2019-02-20 14:22:36,982 read_yaml.py[line:110] INFO Qinglvka文件不在wenjian_list中
2019-02-20 14:22:36,982 read_yaml.py[line:72] INFO 正在执行start_async
2019-02-20 14:22:36,982 read_yaml.py[line:22] INFO 正在执行get_path_yaml
2019-02-20 14:22:36,982 read_yaml.py[line:25] INFO 当前打开地址为F:/mrbao_python/Xiaoxiangyoupin/xiaoxiang_test_case/Login.yaml
2019-02-20 14:22:36,989 read_yaml.py[line:25] INFO 当前打开地址为F:/mrbao_python/Xiaoxiangyoupin/xiaoxiang_test_case/Nianhuojie.yaml
2019-02-20 14:23:12,825 read_yaml.py[line:72] INFO 正在执行start_async
2019-02-20 14:23:12,827 read_yaml.py[line:48] INFO 正在执行get_yaml
2019-02-20 14:23:12,827 read_yaml.py[line:51] INFO 打开地址为F:/mrbao_python/Xiaoxiangyoupin/xiaoxiang_api/xiaoxiang_api_test.yaml
2019-02-20 14:23:12,837 read_yaml.py[line:87] INFO 正在执行check_case_address
2019-02-20 14:23:12,838 read_yaml.py[line:106] INFO Login文件地址是F:/mrbao_python/Xiaoxiangyoupin/xiaoxiang_test_case/Login.yaml
2019-02-20 14:23:12,838 read_yaml.py[line:106] INFO Nianhuojie文件地址是F:/mrbao_python/Xiaoxiangyoupin/xiaoxiang_test_case/Nianhuojie.yaml
2019-02-20 14:23:12,838 read_yaml.py[line:106] INFO Yanzhika文件地址是F:/mrbao_python/Xiaoxiangyoupin/xiaoxiang_test_case/Yanzhika.yaml
2019-02-20 14:23:12,838 read_yaml.py[line:110] INFO Yanzhika文件不在wenjian_list中
2019-02-20 14:23:12,839 read_yaml.py[line:106] INFO Qinglvka文件地址是F:/mrbao_python/Xiaoxiangyoupin/xiaoxiang_test_case/Qinglvka.yaml
2019-02-20 14:23:12,839 read_yaml.py[line:110] INFO Qinglvka文件不在wenjian_list中
2019-02-20 14:23:12,839 read_yaml.py[line:72] INFO 正在执行start_async
2019-02-20 14:23:12,839 read_yaml.py[line:22] INFO 正在执行get_path_yaml
2019-02-20 14:23:12,839 read_yaml.py[line:25] INFO 当前打开地址为F:/mrbao_python/Xiaoxiangyoupin/xiaoxiang_test_case/Login.yaml
2019-02-20 14:23:12,850 read_yaml.py[line:25] INFO 当前打开地址为F:/mrbao_python/Xiaoxiangyoupin/xiaoxiang_test_case/Nianhuojie.yaml
2019-02-20 14:28:00,317 read_yaml.py[line:67] INFO 正在执行start_async
2019-02-20 14:28:00,319 read_yaml.py[line:43] INFO 正在执行get_yaml
2019-02-20 14:28:00,320 read_yaml.py[line:46] INFO 打开地址为F:/mrbao_python/Xiaoxiangyoupin/xiaoxiang_api/xiaoxiang_api_test.yaml
2019-02-20 14:28:00,333 read_yaml.py[line:82] INFO 正在执行check_case_address
2019-02-20 14:28:00,333 read_yaml.py[line:101] INFO Login文件地址是F:/mrbao_python/Xiaoxiangyoupin/xiaoxiang_test_case/Login.yaml
2019-02-20 14:28:00,333 read_yaml.py[line:101] INFO Qinglvka文件地址是F:/mrbao_python/Xiaoxiangyoupin/xiaoxiang_test_case/Qinglvka.yaml
2019-02-20 14:28:00,333 read_yaml.py[line:105] INFO Qinglvka文件不在wenjian_list中
2019-02-20 14:28:00,333 read_yaml.py[line:101] INFO Nianhuojie文件地址是F:/mrbao_python/Xiaoxiangyoupin/xiaoxiang_test_case/Nianhuojie.yaml
2019-02-20 14:28:00,334 read_yaml.py[line:101] INFO Yanzhika文件地址是F:/mrbao_python/Xiaoxiangyoupin/xiaoxiang_test_case/Yanzhika.yaml
2019-02-20 14:28:00,334 read_yaml.py[line:105] INFO Yanzhika文件不在wenjian_list中
2019-02-20 14:28:00,334 read_yaml.py[line:67] INFO 正在执行start_async
2019-02-20 14:28:00,334 read_yaml.py[line:22] INFO 正在执行get_path_yaml
2019-02-20 14:28:00,334 read_yaml.py[line:25] INFO 当前打开地址为F:/mrbao_python/Xiaoxiangyoupin/xiaoxiang_test_case/Login.yaml
2019-02-20 14:28:00,347 read_yaml.py[line:25] INFO 当前打开地址为F:/mrbao_python/Xiaoxiangyoupin/xiaoxiang_test_case/Nianhuojie.yaml
2019-02-20 14:33:33,843 read_yaml.py[line:68] INFO 正在执行start_async
2019-02-20 14:33:33,844 read_yaml.py[line:43] INFO 正在执行get_yaml
2019-02-20 14:33:33,845 read_yaml.py[line:46] INFO 打开地址为F:/mrbao_python/Xiaoxiangyoupin/xiaoxiang_api/xiaoxiang_api_test.yaml
2019-02-20 14:33:33,855 read_yaml.py[line:83] INFO 正在执行check_case_address
2019-02-20 14:33:33,856 read_yaml.py[line:102] INFO Login文件地址是F:/mrbao_python/Xiaoxiangyoupin/xiaoxiang_test_case/Login.yaml
2019-02-20 14:33:33,856 read_yaml.py[line:102] INFO Nianhuojie文件地址是F:/mrbao_python/Xiaoxiangyoupin/xiaoxiang_test_case/Nianhuojie.yaml
2019-02-20 14:33:33,856 read_yaml.py[line:102] INFO Yanzhika文件地址是F:/mrbao_python/Xiaoxiangyoupin/xiaoxiang_test_case/Yanzhika.yaml
2019-02-20 14:33:33,856 read_yaml.py[line:106] INFO Yanzhika文件不在wenjian_list中
2019-02-20 14:33:33,857 read_yaml.py[line:102] INFO Qinglvka文件地址是F:/mrbao_python/Xiaoxiangyoupin/xiaoxiang_test_case/Qinglvka.yaml
2019-02-20 14:33:33,857 read_yaml.py[line:106] INFO Qinglvka文件不在wenjian_list中
2019-02-20 14:33:33,857 read_yaml.py[line:68] INFO 正在执行start_async
2019-02-20 14:33:33,857 read_yaml.py[line:22] INFO 正在执行get_path_yaml
2019-02-20 14:33:33,858 read_yaml.py[line:25] INFO 当前打开地址为F:/mrbao_python/Xiaoxiangyoupin/xiaoxiang_test_case/Login.yaml
2019-02-20 14:33:33,868 read_yaml.py[line:25] INFO 当前打开地址为F:/mrbao_python/Xiaoxiangyoupin/xiaoxiang_test_case/Nianhuojie.yaml
2019-02-20 14:35:08,893 read_yaml.py[line:69] INFO 正在执行start_async
2019-02-20 14:35:08,895 read_yaml.py[line:44] INFO 正在执行get_yaml
2019-02-20 14:35:08,895 read_yaml.py[line:47] INFO 打开地址为F:/mrbao_python/Xiaoxiangyoupin/xiaoxiang_api/xiaoxiang_api_test.yaml
2019-02-20 14:35:08,903 read_yaml.py[line:84] INFO 正在执行check_case_address
2019-02-20 14:35:08,903 read_yaml.py[line:103] INFO Nianhuojie文件地址是F:/mrbao_python/Xiaoxiangyoupin/xiaoxiang_test_case/Nianhuojie.yaml
2019-02-20 14:35:08,904 read_yaml.py[line:103] INFO Login文件地址是F:/mrbao_python/Xiaoxiangyoupin/xiaoxiang_test_case/Login.yaml
2019-02-20 14:35:08,904 read_yaml.py[line:103] INFO Qinglvka文件地址是F:/mrbao_python/Xiaoxiangyoupin/xiaoxiang_test_case/Qinglvka.yaml
2019-02-20 14:35:08,904 read_yaml.py[line:107] INFO Qinglvka文件不在wenjian_list中
2019-02-20 14:35:08,904 read_yaml.py[line:103] INFO Yanzhika文件地址是F:/mrbao_python/Xiaoxiangyoupin/xiaoxiang_test_case/Yanzhika.yaml
2019-02-20 14:35:08,904 read_yaml.py[line:107] INFO Yanzhika文件不在wenjian_list中
2019-02-20 14:35:08,904 read_yaml.py[line:69] INFO 正在执行start_async
2019-02-20 14:35:08,904 read_yaml.py[line:22] INFO 正在执行get_path_yaml
2019-02-20 14:35:08,904 read_yaml.py[line:25] INFO 当前打开地址为F:/mrbao_python/Xiaoxiangyoupin/xiaoxiang_test_case/Nianhuojie.yaml
2019-02-20 14:35:08,911 read_yaml.py[line:25] INFO 当前打开地址为F:/mrbao_python/Xiaoxiangyoupin/xiaoxiang_test_case/Login.yaml
2019-02-20 14:35:18,086 read_yaml.py[line:69] INFO 正在执行start_async
2019-02-20 14:35:18,088 read_yaml.py[line:44] INFO 正在执行get_yaml
2019-02-20 14:35:18,088 read_yaml.py[line:47] INFO 打开地址为F:/mrbao_python/Xiaoxiangyoupin/xiaoxiang_api/xiaoxiang_api_test.yaml
2019-02-20 14:35:18,097 read_yaml.py[line:84] INFO 正在执行check_case_address
2019-02-20 14:35:18,097 read_yaml.py[line:103] INFO Nianhuojie文件地址是F:/mrbao_python/Xiaoxiangyoupin/xiaoxiang_test_case/Nianhuojie.yaml
2019-02-20 14:35:18,097 read_yaml.py[line:103] INFO Login文件地址是F:/mrbao_python/Xiaoxiangyoupin/xiaoxiang_test_case/Login.yaml
2019-02-20 14:35:18,098 read_yaml.py[line:103] INFO Qinglvka文件地址是F:/mrbao_python/Xiaoxiangyoupin/xiaoxiang_test_case/Qinglvka.yaml
2019-02-20 14:35:18,098 read_yaml.py[line:107] INFO Qinglvka文件不在wenjian_list中
2019-02-20 14:35:18,098 read_yaml.py[line:103] INFO Yanzhika文件地址是F:/mrbao_python/Xiaoxiangyoupin/xiaoxiang_test_case/Yanzhika.yaml
2019-02-20 14:35:18,098 read_yaml.py[line:107] INFO Yanzhika文件不在wenjian_list中
2019-02-20 14:35:18,098 read_yaml.py[line:69] INFO 正在执行start_async
2019-02-20 14:35:18,098 read_yaml.py[line:22] INFO 正在执行get_path_yaml
2019-02-20 14:35:18,098 read_yaml.py[line:25] INFO 当前打开地址为F:/mrbao_python/Xiaoxiangyoupin/xiaoxiang_test_case/Nianhuojie.yaml
2019-02-20 14:35:18,105 read_yaml.py[line:25] INFO 当前打开地址为F:/mrbao_python/Xiaoxiangyoupin/xiaoxiang_test_case/Login.yaml
2019-02-20 14:44:04,303 read_yaml.py[line:67] INFO 正在执行start_async
2019-02-20 14:44:04,305 read_yaml.py[line:42] INFO 正在执行get_yaml
2019-02-20 14:44:04,305 read_yaml.py[line:45] INFO 打开地址为F:/mrbao_python/Xiaoxiangyoupin/xiaoxiang_api/xiaoxiang_api_test.yaml
2019-02-20 14:44:04,312 read_yaml.py[line:82] INFO 正在执行check_case_address
2019-02-20 14:44:04,314 read_yaml.py[line:101] INFO Yanzhika文件地址是F:/mrbao_python/Xiaoxiangyoupin/xiaoxiang_test_case/Yanzhika.yaml
2019-02-20 14:44:04,314 read_yaml.py[line:105] INFO Yanzhika文件不在wenjian_list中
2019-02-20 14:44:04,314 read_yaml.py[line:101] INFO Login文件地址是F:/mrbao_python/Xiaoxiangyoupin/xiaoxiang_test_case/Login.yaml
2019-02-20 14:44:04,314 read_yaml.py[line:101] INFO Qinglvka文件地址是F:/mrbao_python/Xiaoxiangyoupin/xiaoxiang_test_case/Qinglvka.yaml
2019-02-20 14:44:04,314 read_yaml.py[line:105] INFO Qinglvka文件不在wenjian_list中
2019-02-20 14:44:04,314 read_yaml.py[line:101] INFO Nianhuojie文件地址是F:/mrbao_python/Xiaoxiangyoupin/xiaoxiang_test_case/Nianhuojie.yaml
2019-02-20 14:44:04,314 read_yaml.py[line:67] INFO 正在执行start_async
2019-02-20 14:44:04,315 read_yaml.py[line:22] INFO 正在执行get_path_yaml
2019-02-20 14:44:04,315 read_yaml.py[line:25] INFO 当前打开地址为F:/mrbao_python/Xiaoxiangyoupin/xiaoxiang_test_case/Login.yaml
2019-02-20 14:44:04,321 read_yaml.py[line:25] INFO 当前打开地址为F:/mrbao_python/Xiaoxiangyoupin/xiaoxiang_test_case/Nianhuojie.yaml
2019-02-20 14:44:18,365 read_yaml.py[line:67] INFO 正在执行start_async
2019-02-20 14:44:18,366 read_yaml.py[line:42] INFO 正在执行get_yaml
2019-02-20 14:44:18,366 read_yaml.py[line:45] INFO 打开地址为F:/mrbao_python/Xiaoxiangyoupin/xiaoxiang_api/xiaoxiang_api_test.yaml
2019-02-20 14:44:18,373 read_yaml.py[line:82] INFO 正在执行check_case_address
2019-02-20 14:44:18,374 read_yaml.py[line:101] INFO Nianhuojie文件地址是F:/mrbao_python/Xiaoxiangyoupin/xiaoxiang_test_case/Nianhuojie.yaml
2019-02-20 14:44:18,374 read_yaml.py[line:101] INFO Yanzhika文件地址是F:/mrbao_python/Xiaoxiangyoupin/xiaoxiang_test_case/Yanzhika.yaml
2019-02-20 14:44:18,374 read_yaml.py[line:105] INFO Yanzhika文件不在wenjian_list中
2019-02-20 14:44:18,374 read_yaml.py[line:101] INFO Login文件地址是F:/mrbao_python/Xiaoxiangyoupin/xiaoxiang_test_case/Login.yaml
2019-02-20 14:44:18,374 read_yaml.py[line:101] INFO Qinglvka文件地址是F:/mrbao_python/Xiaoxiangyoupin/xiaoxiang_test_case/Qinglvka.yaml
2019-02-20 14:44:18,374 read_yaml.py[line:105] INFO Qinglvka文件不在wenjian_list中
2019-02-20 14:44:18,375 read_yaml.py[line:67] INFO 正在执行start_async
2019-02-20 14:44:18,375 read_yaml.py[line:22] INFO 正在执行get_path_yaml
2019-02-20 14:44:18,375 read_yaml.py[line:25] INFO 当前打开地址为F:/mrbao_python/Xiaoxiangyoupin/xiaoxiang_test_case/Nianhuojie.yaml
2019-02-20 14:44:18,381 read_yaml.py[line:25] INFO 当前打开地址为F:/mrbao_python/Xiaoxiangyoupin/xiaoxiang_test_case/Login.yaml
2019-02-20 14:44:27,853 read_yaml.py[line:67] INFO 正在执行start_async
2019-02-20 14:44:27,854 read_yaml.py[line:42] INFO 正在执行get_yaml
2019-02-20 14:44:27,854 read_yaml.py[line:45] INFO 打开地址为F:/mrbao_python/Xiaoxiangyoupin/xiaoxiang_api/xiaoxiang_api_test.yaml
2019-02-20 14:44:27,862 read_yaml.py[line:82] INFO 正在执行check_case_address
2019-02-20 14:44:27,862 read_yaml.py[line:101] INFO Yanzhika文件地址是F:/mrbao_python/Xiaoxiangyoupin/xiaoxiang_test_case/Yanzhika.yaml
2019-02-20 14:44:27,862 read_yaml.py[line:105] INFO Yanzhika文件不在wenjian_list中
2019-02-20 14:44:27,862 read_yaml.py[line:101] INFO Nianhuojie文件地址是F:/mrbao_python/Xiaoxiangyoupin/xiaoxiang_test_case/Nianhuojie.yaml
2019-02-20 14:44:27,862 read_yaml.py[line:101] INFO Login文件地址是F:/mrbao_python/Xiaoxiangyoupin/xiaoxiang_test_case/Login.yaml
2019-02-20 14:44:27,863 read_yaml.py[line:101] INFO Qinglvka文件地址是F:/mrbao_python/Xiaoxiangyoupin/xiaoxiang_test_case/Qinglvka.yaml
2019-02-20 14:44:27,863 read_yaml.py[line:105] INFO Qinglvka文件不在wenjian_list中
2019-02-20 14:44:27,863 read_yaml.py[line:67] INFO 正在执行start_async
2019-02-20 14:44:27,863 read_yaml.py[line:22] INFO 正在执行get_path_yaml
2019-02-20 14:44:27,863 read_yaml.py[line:25] INFO 当前打开地址为F:/mrbao_python/Xiaoxiangyoupin/xiaoxiang_test_case/Nianhuojie.yaml
2019-02-20 14:44:27,870 read_yaml.py[line:25] INFO 当前打开地址为F:/mrbao_python/Xiaoxiangyoupin/xiaoxiang_test_case/Login.yaml
2019-02-20 14:52:59,636 read_yaml.py[line:66] INFO 正在执行start_async
2019-02-20 14:52:59,637 read_yaml.py[line:41] INFO 正在执行get_yaml
2019-02-20 14:52:59,637 read_yaml.py[line:44] INFO 打开地址为F:/mrbao_python/Xiaoxiangyoupin/xiaoxiang_api/xiaoxiang_api_test.yaml
2019-02-20 14:52:59,644 read_yaml.py[line:81] INFO 正在执行check_case_address
2019-02-20 14:52:59,645 read_yaml.py[line:100] INFO Login文件地址是F:/mrbao_python/Xiaoxiangyoupin/xiaoxiang_test_case/Login.yaml
2019-02-20 14:52:59,645 read_yaml.py[line:100] INFO Nianhuojie文件地址是F:/mrbao_python/Xiaoxiangyoupin/xiaoxiang_test_case/Nianhuojie.yaml
2019-02-20 14:52:59,645 read_yaml.py[line:100] INFO Qinglvka文件地址是F:/mrbao_python/Xiaoxiangyoupin/xiaoxiang_test_case/Qinglvka.yaml
2019-02-20 14:52:59,645 read_yaml.py[line:104] INFO Qinglvka文件不在wenjian_list中
2019-02-20 14:52:59,645 read_yaml.py[line:100] INFO Yanzhika文件地址是F:/mrbao_python/Xiaoxiangyoupin/xiaoxiang_test_case/Yanzhika.yaml
2019-02-20 14:52:59,645 read_yaml.py[line:104] INFO Yanzhika文件不在wenjian_list中
2019-02-20 14:52:59,645 read_yaml.py[line:66] INFO 正在执行start_async
2019-02-20 14:52:59,645 read_yaml.py[line:22] INFO 正在执行get_path_yaml
2019-02-20 14:52:59,646 read_yaml.py[line:25] INFO 当前打开地址为F:/mrbao_python/Xiaoxiangyoupin/xiaoxiang_test_case/Login.yaml
2019-02-20 14:52:59,653 read_yaml.py[line:25] INFO 当前打开地址为F:/mrbao_python/Xiaoxiangyoupin/xiaoxiang_test_case/Nianhuojie.yaml
2019-02-20 15:59:32,589 read_yaml.py[line:66] INFO 正在执行start_async
2019-02-20 15:59:32,591 read_yaml.py[line:41] INFO 正在执行get_yaml
2019-02-20 15:59:32,591 read_yaml.py[line:44] INFO 打开地址为F:/mrbao_python/Xiaoxiangyoupin/xiaoxiang_api/xiaoxiang_api_test.yaml
2019-02-20 15:59:32,602 read_yaml.py[line:81] INFO 正在执行check_case_address
2019-02-20 15:59:32,602 read_yaml.py[line:100] INFO Qinglvka文件地址是F:/mrbao_python/Xiaoxiangyoupin/xiaoxiang_test_case/Qinglvka.yaml
2019-02-20 15:59:32,602 read_yaml.py[line:104] INFO Qinglvka文件不在wenjian_list中
2019-02-20 15:59:32,602 read_yaml.py[line:100] INFO Login文件地址是F:/mrbao_python/Xiaoxiangyoupin/xiaoxiang_test_case/Login.yaml
2019-02-20 15:59:32,602 read_yaml.py[line:100] INFO Yanzhika文件地址是F:/mrbao_python/Xiaoxiangyoupin/xiaoxiang_test_case/Yanzhika.yaml
2019-02-20 15:59:32,602 read_yaml.py[line:104] INFO Yanzhika文件不在wenjian_list中
2019-02-20 15:59:32,603 read_yaml.py[line:100] INFO Nianhuojie文件地址是F:/mrbao_python/Xiaoxiangyoupin/xiaoxiang_test_case/Nianhuojie.yaml
2019-02-20 15:59:32,603 read_yaml.py[line:66] INFO 正在执行start_async
2019-02-20 15:59:32,603 read_yaml.py[line:22] INFO 正在执行get_path_yaml
2019-02-20 15:59:32,603 read_yaml.py[line:25] INFO 当前打开地址为F:/mrbao_python/Xiaoxiangyoupin/xiaoxiang_test_case/Login.yaml
2019-02-20 15:59:32,615 read_yaml.py[line:25] INFO 当前打开地址为F:/mrbao_python/Xiaoxiangyoupin/xiaoxiang_test_case/Nianhuojie.yaml
2019-02-20 16:16:40,144 read_yaml.py[line:66] INFO 正在执行start_async
2019-02-20 16:16:40,145 read_yaml.py[line:41] INFO 正在执行get_yaml
2019-02-20 16:16:40,145 read_yaml.py[line:44] INFO 打开地址为F:/mrbao_python/Xiaoxiangyoupin/xiaoxiang_api/xiaoxiang_api_test.yaml
2019-02-20 16:16:40,152 read_yaml.py[line:81] INFO 正在执行check_case_address
2019-02-20 16:16:40,153 read_yaml.py[line:100] INFO Qinglvka文件地址是F:/mrbao_python/Xiaoxiangyoupin/xiaoxiang_test_case/Qinglvka.yaml
2019-02-20 16:16:40,153 read_yaml.py[line:104] INFO Qinglvka文件不在wenjian_list中
2019-02-20 16:16:40,153 read_yaml.py[line:100] INFO Yanzhika文件地址是F:/mrbao_python/Xiaoxiangyoupin/xiaoxiang_test_case/Yanzhika.yaml
2019-02-20 16:16:40,153 read_yaml.py[line:104] INFO Yanzhika文件不在wenjian_list中
2019-02-20 16:16:40,154 read_yaml.py[line:100] INFO Login文件地址是F:/mrbao_python/Xiaoxiangyoupin/xiaoxiang_test_case/Login.yaml
2019-02-20 16:16:40,154 read_yaml.py[line:100] INFO Nianhuojie文件地址是F:/mrbao_python/Xiaoxiangyoupin/xiaoxiang_test_case/Nianhuojie.yaml
2019-02-20 16:16:40,154 read_yaml.py[line:66] INFO 正在执行start_async
2019-02-20 16:16:40,154 read_yaml.py[line:22] INFO 正在执行get_path_yaml
2019-02-20 16:16:40,154 read_yaml.py[line:25] INFO 当前打开地址为F:/mrbao_python/Xiaoxiangyoupin/xiaoxiang_test_case/Login.yaml
2019-02-20 16:16:40,162 read_yaml.py[line:25] INFO 当前打开地址为F:/mrbao_python/Xiaoxiangyoupin/xiaoxiang_test_case/Nianhuojie.yaml
2019-02-20 17:03:32,456 read_yaml.py[line:66] INFO 正在执行start_async
2019-02-20 17:03:32,457 read_yaml.py[line:41] INFO 正在执行get_yaml
2019-02-20 17:03:32,457 read_yaml.py[line:44] INFO 打开地址为F:/mrbao_python/Xiaoxiangyoupin/xiaoxiang_api/xiaoxiang_api_test.yaml
2019-02-20 17:03:32,464 read_yaml.py[line:81] INFO 正在执行check_case_address
2019-02-20 17:03:32,464 read_yaml.py[line:100] INFO Nianhuojie文件地址是F:/mrbao_python/Xiaoxiangyoupin/xiaoxiang_test_case/Nianhuojie.yaml
2019-02-20 17:03:32,465 read_yaml.py[line:100] INFO Yanzhika文件地址是F:/mrbao_python/Xiaoxiangyoupin/xiaoxiang_test_case/Yanzhika.yaml
2019-02-20 17:03:32,465 read_yaml.py[line:104] INFO Yanzhika文件不在wenjian_list中
2019-02-20 17:03:32,465 read_yaml.py[line:100] INFO Qinglvka文件地址是F:/mrbao_python/Xiaoxiangyoupin/xiaoxiang_test_case/Qinglvka.yaml
2019-02-20 17:03:32,465 read_yaml.py[line:104] INFO Qinglvka文件不在wenjian_list中
2019-02-20 17:03:32,465 read_yaml.py[line:100] INFO Login文件地址是F:/mrbao_python/Xiaoxiangyoupin/xiaoxiang_test_case/Login.yaml
2019-02-20 17:03:32,465 read_yaml.py[line:66] INFO 正在执行start_async
2019-02-20 17:03:32,465 read_yaml.py[line:22] INFO 正在执行get_path_yaml
2019-02-20 17:03:32,465 read_yaml.py[line:25] INFO 当前打开地址为F:/mrbao_python/Xiaoxiangyoupin/xiaoxiang_test_case/Nianhuojie.yaml
2019-02-20 17:03:32,473 read_yaml.py[line:25] INFO 当前打开地址为F:/mrbao_python/Xiaoxiangyoupin/xiaoxiang_test_case/Login.yaml
